UPLOAD DIR: C:\xampp\htdocs\php_erp/assets/images/upload/quotation/
FILES: Array
(
    [product_image] => Array
        (
            [name] => Array
                (
                    [0] => 1.jpg
                    [1] => 8.jpg
                )

            [type] => Array
                (
                    [0] => image/jpeg
                    [1] => image/jpeg
                )

            [tmp_name] => Array
                (
                    [0] => C:\xampp\tmp\php4640.tmp
                    [1] => C:\xampp\tmp\php4641.tmp
                )

            [error] => Array
                (
                    [0] => 0
                    [1] => 0
                )

            [size] => Array
                (
                    [0] => 70731
                    [1] => 49667
                )

        )

    [product_images] => Array
        (
            [name] => Array
                (
                    [0] => 1.jpg
                    [1] => 8.jpg
                )

            [type] => Array
                (
                    [0] => image/jpeg
                    [1] => image/jpeg
                )

            [tmp_name] => Array
                (
                    [0] => C:\xampp\tmp\php4642.tmp
                    [1] => C:\xampp\tmp\php4643.tmp
                )

            [error] => Array
                (
                    [0] => 0
                    [1] => 0
                )

            [size] => Array
                (
                    [0] => 70731
                    [1] => 49667
                )

        )

)
